<?xml version="1.0" encoding="UTF-8"?>
<testsuite xmlns:xsi="http://www.w3.org/2001/XMLSchema-instance" xsi:noNamespaceSchemaLocation="https://maven.apache.org/surefire/maven-surefire-plugin/xsd/surefire-test-report.xsd" name="com.axreng.backend.task.SearchTaskTest" time="3.553" tests="2" errors="0" skipped="0" failures="0">
  <properties>
[...]
</properties>
  <testcase name="testCrawlFindsKeyword" classname="com.axreng.backend.task.SearchTaskTest" time="3.551"/>
  <testcase name="testSearchTaskInitialization" classname="com.axreng.backend.task.SearchTaskTest" time="0.002"/>
</testsuite>